<?xml version="1.0" encoding="UTF-8"?>
<!-- Generated by org.testng.reporters.JUnitReportReporter -->
<testsuite hostname="LAPTOP-CQKLIHEN" failures="0" tests="4" name="progressive.qa.base.BaseClass" time="3.261" errors="0" timestamp="21 Jan 2022 03:03:58 GMT" skipped="0">
  <testcase classname="progressive.qa.base.BaseClass" name="test3" time="0.001"/>
  <testcase classname="progressive.qa.base.BaseClass" name="test1" time="0.000"/>
  <testcase classname="progressive.qa.base.BaseClass" name="test2" time="0.001"/>
  <testcase classname="progressive.qa.base.BaseClass" name="test" time="3.259"/>
</testsuite> <!-- progressive.qa.base.BaseClass -->
